C:\DATA\CODE\JVGS-MINIMAL\BIN\JVGS.EXE
C:\DATA\CODE\JVGS-MINIMAL\BIN\JVGS.ILK
C:\DATA\CODE\JVGS-MINIMAL\BIN\JVGS.PDB
C:\data\code\jvgs-minimal\proj\msvc10\jvgs\..\..\..\bin\jvgs.exe
C:\data\code\jvgs-minimal\proj\msvc10\jvgs\..\..\..\bin\jvgs.ilk
C:\data\code\jvgs-minimal\proj\msvc10\jvgs\..\..\..\bin\jvgs.pdb
C:\DATA\CODE\JVGS-MINIMAL\PROJ\MSVC10\JVGS\JVGS\DEBUG\AFFECTOR.OBJ
C:\DATA\CODE\JVGS-MINIMAL\PROJ\MSVC10\JVGS\JVGS\DEBUG\AFFINETRANSFORMATIONMATRIX.OBJ
C:\DATA\CODE\JVGS-MINIMAL\PROJ\MSVC10\JVGS\JVGS\DEBUG\BOUNDEDOBJECT.OBJ
C:\DATA\CODE\JVGS-MINIMAL\PROJ\MSVC10\JVGS\JVGS\DEBUG\BOUNDINGBOX.OBJ
C:\DATA\CODE\JVGS-MINIMAL\PROJ\MSVC10\JVGS\JVGS\DEBUG\CAMERA.OBJ
C:\data\code\jvgs-minimal\proj\msvc10\jvgs\jvgs\Debug\cl.command.1.tlog
C:\data\code\jvgs-minimal\proj\msvc10\jvgs\jvgs\Debug\CL.read.1.tlog
C:\data\code\jvgs-minimal\proj\msvc10\jvgs\jvgs\Debug\CL.write.1.tlog
C:\DATA\CODE\JVGS-MINIMAL\PROJ\MSVC10\JVGS\JVGS\DEBUG\COLLISIONDETECTOR.OBJ
C:\DATA\CODE\JVGS-MINIMAL\PROJ\MSVC10\JVGS\JVGS\DEBUG\COLLISIONRESPONSEPOSITIONER.OBJ
C:\DATA\CODE\JVGS-MINIMAL\PROJ\MSVC10\JVGS\JVGS\DEBUG\COLOR.OBJ
C:\DATA\CODE\JVGS-MINIMAL\PROJ\MSVC10\JVGS\JVGS\DEBUG\CONTROLLER.OBJ
C:\DATA\CODE\JVGS-MINIMAL\PROJ\MSVC10\JVGS\JVGS\DEBUG\DATARENDERER.OBJ
C:\DATA\CODE\JVGS-MINIMAL\PROJ\MSVC10\JVGS\JVGS\DEBUG\ENTITY.OBJ
C:\DATA\CODE\JVGS-MINIMAL\PROJ\MSVC10\JVGS\JVGS\DEBUG\FPSLOGGER.OBJ
C:\DATA\CODE\JVGS-MINIMAL\PROJ\MSVC10\JVGS\JVGS\DEBUG\INPUTCONFIGURATION.OBJ
C:\DATA\CODE\JVGS-MINIMAL\PROJ\MSVC10\JVGS\JVGS\DEBUG\INPUTCONTROLLER.OBJ
C:\DATA\CODE\JVGS-MINIMAL\PROJ\MSVC10\JVGS\JVGS\DEBUG\INPUTMANAGER.OBJ
C:\DATA\CODE\JVGS-MINIMAL\PROJ\MSVC10\JVGS\JVGS\DEBUG\JVGS.EXE.EMBED.MANIFEST
C:\DATA\CODE\JVGS-MINIMAL\PROJ\MSVC10\JVGS\JVGS\DEBUG\JVGS.EXE.EMBED.MANIFEST.RES
C:\DATA\CODE\JVGS-MINIMAL\PROJ\MSVC10\JVGS\JVGS\DEBUG\JVGS.EXE.INTERMEDIATE.MANIFEST
C:\data\code\jvgs-minimal\proj\msvc10\jvgs\jvgs\Debug\jvgs.write.1.tlog
C:\data\code\jvgs-minimal\proj\msvc10\jvgs\jvgs\Debug\jvgs_manifest.rc
C:\DATA\CODE\JVGS-MINIMAL\PROJ\MSVC10\JVGS\JVGS\DEBUG\LEVEL.OBJ
C:\DATA\CODE\JVGS-MINIMAL\PROJ\MSVC10\JVGS\JVGS\DEBUG\LEVELMANAGER.OBJ
C:\DATA\CODE\JVGS-MINIMAL\PROJ\MSVC10\JVGS\JVGS\DEBUG\LINESEGMENT.OBJ
C:\data\code\jvgs-minimal\proj\msvc10\jvgs\jvgs\Debug\link.9108.read.1.tlog
C:\data\code\jvgs-minimal\proj\msvc10\jvgs\jvgs\Debug\link.9108.write.1.tlog
C:\data\code\jvgs-minimal\proj\msvc10\jvgs\jvgs\Debug\link.9108-cvtres.read.1.tlog
C:\data\code\jvgs-minimal\proj\msvc10\jvgs\jvgs\Debug\link.9108-cvtres.write.1.tlog
C:\data\code\jvgs-minimal\proj\msvc10\jvgs\jvgs\Debug\link.command.1.tlog
C:\data\code\jvgs-minimal\proj\msvc10\jvgs\jvgs\Debug\link.read.1.tlog
C:\data\code\jvgs-minimal\proj\msvc10\jvgs\jvgs\Debug\link.write.1.tlog
C:\data\code\jvgs-minimal\proj\msvc10\jvgs\jvgs\Debug\link-cvtres.read.1.tlog
C:\data\code\jvgs-minimal\proj\msvc10\jvgs\jvgs\Debug\link-cvtres.write.1.tlog
C:\DATA\CODE\JVGS-MINIMAL\PROJ\MSVC10\JVGS\JVGS\DEBUG\LISTMANAGER.OBJ
C:\DATA\CODE\JVGS-MINIMAL\PROJ\MSVC10\JVGS\JVGS\DEBUG\LOGMANAGER.OBJ
C:\DATA\CODE\JVGS-MINIMAL\PROJ\MSVC10\JVGS\JVGS\DEBUG\MAIN.OBJ
C:\DATA\CODE\JVGS-MINIMAL\PROJ\MSVC10\JVGS\JVGS\DEBUG\MATHMANAGER.OBJ
C:\DATA\CODE\JVGS-MINIMAL\PROJ\MSVC10\JVGS\JVGS\DEBUG\MATRIX.OBJ
C:\data\code\jvgs-minimal\proj\msvc10\jvgs\jvgs\Debug\mt.command.1.tlog
C:\data\code\jvgs-minimal\proj\msvc10\jvgs\jvgs\Debug\mt.read.1.tlog
C:\data\code\jvgs-minimal\proj\msvc10\jvgs\jvgs\Debug\mt.write.1.tlog
C:\DATA\CODE\JVGS-MINIMAL\PROJ\MSVC10\JVGS\JVGS\DEBUG\POLYGON.OBJ
C:\DATA\CODE\JVGS-MINIMAL\PROJ\MSVC10\JVGS\JVGS\DEBUG\PROPERTYMAP.OBJ
C:\data\code\jvgs-minimal\proj\msvc10\jvgs\jvgs\Debug\rc.command.1.tlog
C:\data\code\jvgs-minimal\proj\msvc10\jvgs\jvgs\Debug\rc.read.1.tlog
C:\data\code\jvgs-minimal\proj\msvc10\jvgs\jvgs\Debug\rc.write.1.tlog
C:\DATA\CODE\JVGS-MINIMAL\PROJ\MSVC10\JVGS\JVGS\DEBUG\RENDERER.OBJ
C:\DATA\CODE\JVGS-MINIMAL\PROJ\MSVC10\JVGS\JVGS\DEBUG\SKETCH.OBJ
C:\DATA\CODE\JVGS-MINIMAL\PROJ\MSVC10\JVGS\JVGS\DEBUG\SKETCHMANAGER.OBJ
C:\DATA\CODE\JVGS-MINIMAL\PROJ\MSVC10\JVGS\JVGS\DEBUG\SKETCHYRENDERER.OBJ
C:\DATA\CODE\JVGS-MINIMAL\PROJ\MSVC10\JVGS\JVGS\DEBUG\TIMEMANAGER.OBJ
C:\DATA\CODE\JVGS-MINIMAL\PROJ\MSVC10\JVGS\JVGS\DEBUG\TINYSTR.OBJ
C:\DATA\CODE\JVGS-MINIMAL\PROJ\MSVC10\JVGS\JVGS\DEBUG\TINYXML.OBJ
C:\DATA\CODE\JVGS-MINIMAL\PROJ\MSVC10\JVGS\JVGS\DEBUG\TINYXMLERROR.OBJ
C:\DATA\CODE\JVGS-MINIMAL\PROJ\MSVC10\JVGS\JVGS\DEBUG\TINYXMLPARSER.OBJ
C:\data\code\jvgs-minimal\proj\msvc10\jvgs\jvgs\Debug\vc100.idb
C:\DATA\CODE\JVGS-MINIMAL\PROJ\MSVC10\JVGS\JVGS\DEBUG\VC100.PDB
C:\DATA\CODE\JVGS-MINIMAL\PROJ\MSVC10\JVGS\JVGS\DEBUG\VECTOR2D.OBJ
C:\DATA\CODE\JVGS-MINIMAL\PROJ\MSVC10\JVGS\JVGS\DEBUG\VIDEOMANAGER.OBJ
C:\DATA\CODE\JVGS-MINIMAL\PROJ\MSVC10\JVGS\JVGS\DEBUG\VIEW.OBJ
C:\DATA\CODE\JVGS-MINIMAL\PROJ\MSVC10\JVGS\JVGS\DEBUG\XMLLOADABLE.OBJ
