C:\DATA\CODE\SANDBOX\SDL_OPENGL\BIN\GAME.EXE
C:\DATA\CODE\SANDBOX\SDL_OPENGL\BIN\GAME.ILK
C:\DATA\CODE\SANDBOX\SDL_OPENGL\BIN\GAME.PDB
C:\data\code\sandbox\sdl_opengl\build\win32\msvc10\..\..\..\bin\game.exe
C:\data\code\sandbox\sdl_opengl\build\win32\msvc10\..\..\..\bin\game.ilk
C:\data\code\sandbox\sdl_opengl\build\win32\msvc10\..\..\..\bin\game.pdb
C:\data\code\sandbox\sdl_opengl\build\win32\msvc10\game\Debug\cl.command.1.tlog
C:\data\code\sandbox\sdl_opengl\build\win32\msvc10\game\Debug\CL.read.1.tlog
C:\data\code\sandbox\sdl_opengl\build\win32\msvc10\game\Debug\CL.write.1.tlog
C:\DATA\CODE\SANDBOX\SDL_OPENGL\BUILD\WIN32\MSVC10\GAME\DEBUG\GAME.EXE.EMBED.MANIFEST
C:\DATA\CODE\SANDBOX\SDL_OPENGL\BUILD\WIN32\MSVC10\GAME\DEBUG\GAME.EXE.EMBED.MANIFEST.RES
C:\DATA\CODE\SANDBOX\SDL_OPENGL\BUILD\WIN32\MSVC10\GAME\DEBUG\GAME.EXE.INTERMEDIATE.MANIFEST
C:\data\code\sandbox\sdl_opengl\build\win32\msvc10\game\Debug\game.write.1.tlog
C:\data\code\sandbox\sdl_opengl\build\win32\msvc10\game\Debug\game_manifest.rc
C:\data\code\sandbox\sdl_opengl\build\win32\msvc10\game\Debug\link.8828.read.1.tlog
C:\data\code\sandbox\sdl_opengl\build\win32\msvc10\game\Debug\link.8828.write.1.tlog
C:\data\code\sandbox\sdl_opengl\build\win32\msvc10\game\Debug\link.8828-cvtres.read.1.tlog
C:\data\code\sandbox\sdl_opengl\build\win32\msvc10\game\Debug\link.8828-cvtres.write.1.tlog
C:\data\code\sandbox\sdl_opengl\build\win32\msvc10\game\Debug\link.command.1.tlog
C:\data\code\sandbox\sdl_opengl\build\win32\msvc10\game\Debug\link.read.1.tlog
C:\data\code\sandbox\sdl_opengl\build\win32\msvc10\game\Debug\link.write.1.tlog
C:\data\code\sandbox\sdl_opengl\build\win32\msvc10\game\Debug\link-cvtres.read.1.tlog
C:\data\code\sandbox\sdl_opengl\build\win32\msvc10\game\Debug\link-cvtres.write.1.tlog
C:\DATA\CODE\SANDBOX\SDL_OPENGL\BUILD\WIN32\MSVC10\GAME\DEBUG\MAIN.OBJ
C:\data\code\sandbox\sdl_opengl\build\win32\msvc10\game\Debug\mt.command.1.tlog
C:\data\code\sandbox\sdl_opengl\build\win32\msvc10\game\Debug\mt.read.1.tlog
C:\data\code\sandbox\sdl_opengl\build\win32\msvc10\game\Debug\mt.write.1.tlog
C:\data\code\sandbox\sdl_opengl\build\win32\msvc10\game\Debug\rc.command.1.tlog
C:\data\code\sandbox\sdl_opengl\build\win32\msvc10\game\Debug\rc.read.1.tlog
C:\data\code\sandbox\sdl_opengl\build\win32\msvc10\game\Debug\rc.write.1.tlog
C:\data\code\sandbox\sdl_opengl\build\win32\msvc10\game\Debug\vc100.idb
C:\DATA\CODE\SANDBOX\SDL_OPENGL\BUILD\WIN32\MSVC10\GAME\DEBUG\VC100.PDB
